{"/Users/Andyderson/Desktop/Zaget-SDC-Review-Server/faker/generateCSV.js": {"path":"/Users/Andyderson/Desktop/Zaget-SDC-Review-Server/faker/generateCSV.js","statementMap":{"0":{"start":{"line":1,"column":14},"end":{"line":1,"column":30}},"1":{"start":{"line":2,"column":11},"end":{"line":2,"column":24}},"2":{"start":{"line":4,"column":0},"end":{"line":4,"column":23}},"3":{"start":{"line":8,"column":16},"end":{"line":8,"column":18}},"4":{"start":{"line":10,"column":22},"end":{"line":31,"column":1}},"5":{"start":{"line":11,"column":2},"end":{"line":11,"column":27}},"6":{"start":{"line":12,"column":2},"end":{"line":12,"column":62}},"7":{"start":{"line":14,"column":2},"end":{"line":14,"column":23}},"8":{"start":{"line":15,"column":2},"end":{"line":23,"column":3}},"9":{"start":{"line":16,"column":4},"end":{"line":22,"column":7}},"10":{"start":{"line":25,"column":2},"end":{"line":25,"column":58}},"11":{"start":{"line":26,"column":2},"end":{"line":26,"column":64}},"12":{"start":{"line":27,"column":2},"end":{"line":27,"column":48}},"13":{"start":{"line":28,"column":2},"end":{"line":28,"column":38}},"14":{"start":{"line":29,"column":2},"end":{"line":29,"column":46}},"15":{"start":{"line":30,"column":2},"end":{"line":30,"column":17}},"16":{"start":{"line":35,"column":31},"end":{"line":54,"column":1}},"17":{"start":{"line":36,"column":10},"end":{"line":36,"column":16}},"18":{"start":{"line":38,"column":13},"end":{"line":38,"column":17}},"19":{"start":{"line":39,"column":4},"end":{"line":48,"column":26}},"20":{"start":{"line":40,"column":6},"end":{"line":40,"column":13}},"21":{"start":{"line":41,"column":26},"end":{"line":41,"column":42}},"22":{"start":{"line":42,"column":19},"end":{"line":42,"column":185}},"23":{"start":{"line":43,"column":6},"end":{"line":47,"column":7}},"24":{"start":{"line":44,"column":8},"end":{"line":44,"column":47}},"25":{"start":{"line":46,"column":8},"end":{"line":46,"column":42}},"26":{"start":{"line":49,"column":4},"end":{"line":51,"column":5}},"27":{"start":{"line":50,"column":6},"end":{"line":50,"column":34}},"28":{"start":{"line":53,"column":2},"end":{"line":53,"column":10}},"29":{"start":{"line":62,"column":27},"end":{"line":81,"column":1}},"30":{"start":{"line":63,"column":10},"end":{"line":63,"column":16}},"31":{"start":{"line":65,"column":13},"end":{"line":65,"column":17}},"32":{"start":{"line":66,"column":4},"end":{"line":75,"column":26}},"33":{"start":{"line":67,"column":6},"end":{"line":67,"column":13}},"34":{"start":{"line":68,"column":21},"end":{"line":68,"column":37}},"35":{"start":{"line":69,"column":19},"end":{"line":69,"column":214}},"36":{"start":{"line":70,"column":6},"end":{"line":74,"column":7}},"37":{"start":{"line":71,"column":8},"end":{"line":71,"column":47}},"38":{"start":{"line":73,"column":8},"end":{"line":73,"column":42}},"39":{"start":{"line":76,"column":4},"end":{"line":78,"column":5}},"40":{"start":{"line":77,"column":6},"end":{"line":77,"column":34}},"41":{"start":{"line":80,"column":2},"end":{"line":80,"column":10}},"42":{"start":{"line":131,"column":0},"end":{"line":131,"column":55}},"43":{"start":{"line":132,"column":0},"end":{"line":132,"column":63}}},"fnMap":{"0":{"name":"(anonymous_0)","decl":{"start":{"line":10,"column":22},"end":{"line":10,"column":23}},"loc":{"start":{"line":10,"column":33},"end":{"line":31,"column":1}},"line":10},"1":{"name":"(anonymous_1)","decl":{"start":{"line":35,"column":31},"end":{"line":35,"column":32}},"loc":{"start":{"line":35,"column":71},"end":{"line":54,"column":1}},"line":35},"2":{"name":"write","decl":{"start":{"line":37,"column":11},"end":{"line":37,"column":16}},"loc":{"start":{"line":37,"column":19},"end":{"line":52,"column":3}},"line":37},"3":{"name":"(anonymous_3)","decl":{"start":{"line":62,"column":27},"end":{"line":62,"column":28}},"loc":{"start":{"line":62,"column":67},"end":{"line":81,"column":1}},"line":62},"4":{"name":"write","decl":{"start":{"line":64,"column":11},"end":{"line":64,"column":16}},"loc":{"start":{"line":64,"column":19},"end":{"line":79,"column":3}},"line":64}},"branchMap":{"0":{"loc":{"start":{"line":48,"column":13},"end":{"line":48,"column":24}},"type":"binary-expr","locations":[{"start":{"line":48,"column":13},"end":{"line":48,"column":18}},{"start":{"line":48,"column":22},"end":{"line":48,"column":24}}],"line":48},"1":{"loc":{"start":{"line":43,"column":6},"end":{"line":47,"column":7}},"type":"if","locations":[{"start":{"line":43,"column":6},"end":{"line":47,"column":7}},{"start":{"line":43,"column":6},"end":{"line":47,"column":7}}],"line":43},"2":{"loc":{"start":{"line":49,"column":4},"end":{"line":51,"column":5}},"type":"if","locations":[{"start":{"line":49,"column":4},"end":{"line":51,"column":5}},{"start":{"line":49,"column":4},"end":{"line":51,"column":5}}],"line":49},"3":{"loc":{"start":{"line":75,"column":13},"end":{"line":75,"column":24}},"type":"binary-expr","locations":[{"start":{"line":75,"column":13},"end":{"line":75,"column":18}},{"start":{"line":75,"column":22},"end":{"line":75,"column":24}}],"line":75},"4":{"loc":{"start":{"line":70,"column":6},"end":{"line":74,"column":7}},"type":"if","locations":[{"start":{"line":70,"column":6},"end":{"line":74,"column":7}},{"start":{"line":70,"column":6},"end":{"line":74,"column":7}}],"line":70},"5":{"loc":{"start":{"line":76,"column":4},"end":{"line":78,"column":5}},"type":"if","locations":[{"start":{"line":76,"column":4},"end":{"line":78,"column":5}},{"start":{"line":76,"column":4},"end":{"line":78,"column":5}}],"line":76}},"s":{"0":1,"1":1,"2":1,"3":1,"4":1,"5":90,"6":90,"7":90,"8":90,"9":217,"10":90,"11":90,"12":90,"13":90,"14":90,"15":90,"16":1,"17":8,"18":8,"19":8,"20":80,"21":80,"22":80,"23":80,"24":8,"25":72,"26":8,"27":0,"28":8,"29":1,"30":1,"31":1,"32":1,"33":10,"34":10,"35":10,"36":10,"37":1,"38":9,"39":1,"40":0,"41":1,"42":1,"43":1},"f":{"0":90,"1":8,"2":8,"3":1,"4":1},"b":{"0":[80,72],"1":[8,72],"2":[0,8],"3":[10,9],"4":[1,9],"5":[0,1]},"_coverageSchema":"332fd63041d2c1bcb487cc26dd0d5f7d97098a6c","hash":"d92b6997414c361ae7248b45df44e3e034f4a54a"}
,"/Users/Andyderson/Desktop/Zaget-SDC-Review-Server/faker/generateJSON.js": {"path":"/Users/Andyderson/Desktop/Zaget-SDC-Review-Server/faker/generateJSON.js","statementMap":{"0":{"start":{"line":1,"column":14},"end":{"line":1,"column":30}},"1":{"start":{"line":2,"column":11},"end":{"line":2,"column":24}},"2":{"start":{"line":4,"column":0},"end":{"line":4,"column":23}},"3":{"start":{"line":8,"column":16},"end":{"line":8,"column":18}},"4":{"start":{"line":10,"column":22},"end":{"line":31,"column":1}},"5":{"start":{"line":11,"column":2},"end":{"line":11,"column":27}},"6":{"start":{"line":12,"column":2},"end":{"line":12,"column":45}},"7":{"start":{"line":14,"column":2},"end":{"line":14,"column":23}},"8":{"start":{"line":15,"column":2},"end":{"line":23,"column":3}},"9":{"start":{"line":16,"column":4},"end":{"line":22,"column":7}},"10":{"start":{"line":25,"column":2},"end":{"line":25,"column":58}},"11":{"start":{"line":26,"column":2},"end":{"line":26,"column":64}},"12":{"start":{"line":27,"column":2},"end":{"line":27,"column":48}},"13":{"start":{"line":28,"column":2},"end":{"line":28,"column":38}},"14":{"start":{"line":29,"column":2},"end":{"line":29,"column":46}},"15":{"start":{"line":30,"column":2},"end":{"line":30,"column":17}},"16":{"start":{"line":33,"column":21},"end":{"line":58,"column":1}},"17":{"start":{"line":34,"column":10},"end":{"line":34,"column":16}},"18":{"start":{"line":36,"column":13},"end":{"line":36,"column":17}},"19":{"start":{"line":37,"column":4},"end":{"line":52,"column":26}},"20":{"start":{"line":38,"column":6},"end":{"line":38,"column":13}},"21":{"start":{"line":39,"column":23},"end":{"line":39,"column":55}},"22":{"start":{"line":40,"column":6},"end":{"line":42,"column":7}},"23":{"start":{"line":41,"column":8},"end":{"line":41,"column":38}},"24":{"start":{"line":43,"column":6},"end":{"line":45,"column":7}},"25":{"start":{"line":44,"column":8},"end":{"line":44,"column":26}},"26":{"start":{"line":46,"column":6},"end":{"line":51,"column":7}},"27":{"start":{"line":47,"column":8},"end":{"line":47,"column":26}},"28":{"start":{"line":48,"column":8},"end":{"line":48,"column":53}},"29":{"start":{"line":50,"column":8},"end":{"line":50,"column":48}},"30":{"start":{"line":53,"column":4},"end":{"line":55,"column":5}},"31":{"start":{"line":54,"column":6},"end":{"line":54,"column":34}},"32":{"start":{"line":57,"column":2},"end":{"line":57,"column":10}},"33":{"start":{"line":64,"column":0},"end":{"line":64,"column":43}},"34":{"start":{"line":65,"column":0},"end":{"line":65,"column":45}}},"fnMap":{"0":{"name":"(anonymous_0)","decl":{"start":{"line":10,"column":22},"end":{"line":10,"column":23}},"loc":{"start":{"line":10,"column":33},"end":{"line":31,"column":1}},"line":10},"1":{"name":"(anonymous_1)","decl":{"start":{"line":33,"column":21},"end":{"line":33,"column":22}},"loc":{"start":{"line":33,"column":61},"end":{"line":58,"column":1}},"line":33},"2":{"name":"write","decl":{"start":{"line":35,"column":11},"end":{"line":35,"column":16}},"loc":{"start":{"line":35,"column":19},"end":{"line":56,"column":3}},"line":35}},"branchMap":{"0":{"loc":{"start":{"line":52,"column":13},"end":{"line":52,"column":24}},"type":"binary-expr","locations":[{"start":{"line":52,"column":13},"end":{"line":52,"column":18}},{"start":{"line":52,"column":22},"end":{"line":52,"column":24}}],"line":52},"1":{"loc":{"start":{"line":40,"column":6},"end":{"line":42,"column":7}},"type":"if","locations":[{"start":{"line":40,"column":6},"end":{"line":42,"column":7}},{"start":{"line":40,"column":6},"end":{"line":42,"column":7}}],"line":40},"2":{"loc":{"start":{"line":43,"column":6},"end":{"line":45,"column":7}},"type":"if","locations":[{"start":{"line":43,"column":6},"end":{"line":45,"column":7}},{"start":{"line":43,"column":6},"end":{"line":45,"column":7}}],"line":43},"3":{"loc":{"start":{"line":46,"column":6},"end":{"line":51,"column":7}},"type":"if","locations":[{"start":{"line":46,"column":6},"end":{"line":51,"column":7}},{"start":{"line":46,"column":6},"end":{"line":51,"column":7}}],"line":46},"4":{"loc":{"start":{"line":53,"column":4},"end":{"line":55,"column":5}},"type":"if","locations":[{"start":{"line":53,"column":4},"end":{"line":55,"column":5}},{"start":{"line":53,"column":4},"end":{"line":55,"column":5}}],"line":53}},"s":{"0":1,"1":1,"2":1,"3":1,"4":1,"5":11,"6":11,"7":11,"8":11,"9":22,"10":11,"11":11,"12":11,"13":11,"14":11,"15":11,"16":1,"17":1,"18":1,"19":1,"20":10,"21":10,"22":10,"23":1,"24":10,"25":9,"26":10,"27":1,"28":1,"29":9,"30":1,"31":0,"32":1,"33":1,"34":1},"f":{"0":11,"1":1,"2":1},"b":{"0":[10,9],"1":[1,9],"2":[9,1],"3":[1,9],"4":[0,1]},"_coverageSchema":"332fd63041d2c1bcb487cc26dd0d5f7d97098a6c","hash":"def758e6ec5794b448378e48b5de48533315d9b2"}
}
