TN:
SF:/Users/Andyderson/Desktop/Zaget-SDC-Review-Server/faker/generateCSV.js
FN:10,(anonymous_0)
FN:35,(anonymous_1)
FN:37,write
FN:62,(anonymous_3)
FN:64,write
FNF:5
FNH:5
FNDA:90,(anonymous_0)
FNDA:8,(anonymous_1)
FNDA:8,write
FNDA:1,(anonymous_3)
FNDA:1,write
DA:1,1
DA:2,1
DA:4,1
DA:8,1
DA:10,1
DA:11,90
DA:12,90
DA:14,90
DA:15,90
DA:16,217
DA:25,90
DA:26,90
DA:27,90
DA:28,90
DA:29,90
DA:30,90
DA:35,1
DA:36,8
DA:38,8
DA:39,8
DA:40,80
DA:41,80
DA:42,80
DA:43,80
DA:44,8
DA:46,72
DA:49,8
DA:50,0
DA:53,8
DA:62,1
DA:63,1
DA:65,1
DA:66,1
DA:67,10
DA:68,10
DA:69,10
DA:70,10
DA:71,1
DA:73,9
DA:76,1
DA:77,0
DA:80,1
DA:131,1
DA:132,1
LF:44
LH:42
BRDA:48,0,0,80
BRDA:48,0,1,72
BRDA:43,1,0,8
BRDA:43,1,1,72
BRDA:49,2,0,0
BRDA:49,2,1,8
BRDA:75,3,0,10
BRDA:75,3,1,9
BRDA:70,4,0,1
BRDA:70,4,1,9
BRDA:76,5,0,0
BRDA:76,5,1,1
BRF:12
BRH:10
end_of_record
TN:
SF:/Users/Andyderson/Desktop/Zaget-SDC-Review-Server/faker/generateJSON.js
FN:10,(anonymous_0)
FN:33,(anonymous_1)
FN:35,write
FNF:3
FNH:3
FNDA:11,(anonymous_0)
FNDA:1,(anonymous_1)
FNDA:1,write
DA:1,1
DA:2,1
DA:4,1
DA:8,1
DA:10,1
DA:11,11
DA:12,11
DA:14,11
DA:15,11
DA:16,22
DA:25,11
DA:26,11
DA:27,11
DA:28,11
DA:29,11
DA:30,11
DA:33,1
DA:34,1
DA:36,1
DA:37,1
DA:38,10
DA:39,10
DA:40,10
DA:41,1
DA:43,10
DA:44,9
DA:46,10
DA:47,1
DA:48,1
DA:50,9
DA:53,1
DA:54,0
DA:57,1
DA:64,1
DA:65,1
LF:35
LH:34
BRDA:52,0,0,10
BRDA:52,0,1,9
BRDA:40,1,0,1
BRDA:40,1,1,9
BRDA:43,2,0,9
BRDA:43,2,1,1
BRDA:46,3,0,1
BRDA:46,3,1,9
BRDA:53,4,0,0
BRDA:53,4,1,1
BRF:10
BRH:9
end_of_record
